<?xml version="1.0" encoding="UTF-8"?>
<beans xmlns="http://www.springframework.org/schema/beans"
	xmlns:tx="http://www.springframework.org/schema/tx" xmlns:xsi="http://www.w3.org/2001/XMLSchema-instance"
	xmlns:p="http://www.springframework.org/schema/p" xmlns:util="http://www.springframework.org/schema/util"
	xmlns:context="http://www.springframework.org/schema/context"
	xsi:schemaLocation="http://www.springframework.org/schema/beans http://www.springframework.org/schema/beans/spring-beans.xsd
		http://www.springframework.org/schema/util http://www.springframework.org/schema/util/spring-util-3.0.xsd
		http://www.springframework.org/schema/context http://www.springframework.org/schema/context/spring-context.xsd
		http://www.springframework.org/schema/tx http://www.springframework.org/schema/tx/spring-tx.xsd">
	<bean id="myEmf"
		class="org.springframework.orm.jpa.LocalContainerEntityManagerFactoryBean"
		p:dataSource-ref="dataSource" p:packagesToScan="com.godmonth.crud.jpa"
		destroy-method="destroy">
		<property name="jpaVendorAdapter">
			<bean class="org.springframework.orm.jpa.vendor.HibernateJpaVendorAdapter" />
		</property>
		<property name="jpaProperties">
			<util:properties location="classpath:/hibernate.h2.properties" />
		</property>
	</bean>
	<bean id="userDao" class="com.godmonth.crud.jpa.UserDao" />
	<bean id="carDao" class="com.godmonth.crud.jpa.CarDao" />

	<!-- <bean class="org.springframework.orm.jpa.support.PersistenceAnnotationBeanPostProcessor" 
		/> -->
	<context:annotation-config />


	<bean id="txManager" class="org.springframework.orm.jpa.JpaTransactionManager"
		p:entityManagerFactory-ref="myEmf" />
	<tx:annotation-driven transaction-manager="txManager"
		proxy-target-class="true" />

</beans>
